<?xml version="1.0" encoding="UTF-8" ?>
<testsuite errors="0" failures="0" hostname="DESKTOP-AHFQ9L9" name="proyectof.VectorTest" skipped="0" tests="4" time="0.059" timestamp="2022-12-14T16:50:35">
  <properties>
    <property name="javac.test.classpath" value="${libs.junit_4.classpath}:hamcrest-core-1.3.jar:junit-4.13.2.jar:build/classes:${libs.junit_5.classpath}" />
    <property name="java.specification.version" value="18" />
    <property name="sun.cpu.isalist" value="amd64" />
    <property name="jar.index.metainf" value="false" />
    <property name="do.depend" value="false" />
    <property name="javadoc.preview" value="true" />
    <property name="test.binaryincludes" value="&lt;nothing&gt;" />
    <property name="sun.arch.data.model" value="64" />
    <property name="do.jlink" value="false" />
    <property name="debug-transport" value="dt_shmem" />
    <property name="java.vendor.url" value="https://java.oracle.com/" />
    <property name="annotation.processing.enabled" value="true" />
    <property name="debug.modulepath" value="" />
    <property name="sun.boot.library.path" value="C:\Program Files\Java\jdk-18.0.2.1\bin" />
    <property name="sun.java.command" value="org.apache.tools.ant.taskdefs.optional.junit.JUnitTestRunner proyectof.VectorTest skipNonTests=false filtertrace=true haltOnError=false haltOnFailure=false showoutput=true outputtoformatters=true logfailedtests=true threadid=0 logtestlistenerevents=true formatter=org.apache.tools.ant.taskdefs.optional.junit.BriefJUnitResultFormatter formatter=org.apache.tools.ant.taskdefs.optional.junit.XMLJUnitResultFormatter,C:\Users\Cesar\Documents\NetBeansProjects\Proyecto_Final\ProyectoF\build\test\results\TEST-proyectof.VectorTest.xml crashfile=C:\Users\Cesar\Documents\NetBeansProjects\Proyecto_Final\ProyectoF\build\junitvmwatcher6631964173831967079.properties propsfile=C:\Users\Cesar\Documents\NetBeansProjects\Proyecto_Final\ProyectoF\build\junit3031155405217435227.properties" />
    <property name="jdk.debug" value="release" />
    <property name="java.specification.vendor" value="Oracle Corporation" />
    <property name="javac.source" value="16" />
    <property name="javadoc.use" value="true" />
    <property name="javadoc.notree" value="false" />
    <property name="java.version.date" value="2022-08-18" />
    <property name="java.home" value="C:\Program Files\Java\jdk-18.0.2.1" />
    <property name="basedir" value="C:\Users\Cesar\Documents\NetBeansProjects\Proyecto_Final\ProyectoF" />
    <property name="application.vendor" value="Sebastian" />
    <property name="work.dir" value="C:\Users\Cesar\Documents\NetBeansProjects\Proyecto_Final\ProyectoF" />
    <property name="java.specification.name" value="Java Platform API Specification" />
    <property name="java.vm.specification.vendor" value="Oracle Corporation" />
    <property name="javac.test.compilerargs" value="" />
    <property name="jna.boot.library.name" value="jnidispatch-nb" />
    <property name="netbeans.extbrowser.manual_chrome_plugin_install" value="yes" />
    <property name="manifest.encoding" value="UTF-8" />
    <property name="user.script" value="" />
    <property name="netbeans.default_userdir_root" value="C:\Users\Cesar\AppData\Roaming\NetBeans" />
    <property name="sun.management.compiler" value="HotSpot 64-Bit Tiered Compilers" />
    <property name="jdk.home" value="C:\Program Files\Java\jdk-18.0.2.1" />
    <property name="run.test.modulepath" value="" />
    <property name="java.runtime.version" value="18.0.2.1+1-1" />
    <property name="debug.test.modulepath" value="" />
    <property name="file.encoding" value="UTF-8" />
    <property name="sun.java2d.noddraw" value="true" />
    <property name="java.util.logging.config.class" value="org.netbeans.core.startup.TopLogging" />
    <property name="sun.zip.disableMemoryMapping" value="true" />
    <property name="jnidispatch.path" value="C:\Users\Cesar\AppData\Local\Temp\jna-64998434\jna16937917948725449187.dll" />
    <property name="https.nonProxyHosts" value="localhost|127.0.0.1|DESKTOP-AHFQ9L9" />
    <property name="dist.archive.excludes" value="" />
    <property name="java.io.tmpdir" value="C:\Users\Cesar\AppData\Local\Temp\" />
    <property name="do.archive" value="true" />
    <property name="java.version" value="18.0.2.1" />
    <property name="java.vm.specification.name" value="Java Virtual Machine Specification" />
    <property name="built-jar.properties" value="C:\Users\Cesar\Documents\NetBeansProjects\Proyecto_Final\ProyectoF\build\built-jar.properties" />
    <property name="nb.native.filechooser" value="false" />
    <property name="native.encoding" value="Cp1252" />
    <property name="java.library.path" value="C:\Program Files\Java\jdk-18.0.2.1\bin;C:\WINDOWS\Sun\Java\bin;C:\WINDOWS\system32;C:\WINDOWS;C:\Program Files\Common Files\Oracle\Java\javapath;C:\ProgramData\Oracle\Java\javapath;C:\Program Files (x86)\NVIDIA Corporation\PhysX\Common;C:\WINDOWS\system32;C:\WINDOWS;C:\WINDOWS\System32\Wbem;C:\WINDOWS\System32\WindowsPowerShell\v1.0\;C:\WINDOWS\System32\OpenSSH\;C:\Program Files\Sublime Text 3;C:\mingw64;C:\mingw64\bin;C:\Program Files\Java\jdk-18.0.2.1\bin;C:\Program Files\Git\cmd;C:\Users\Cesar\AppData\Local\Microsoft\WindowsApps;;C:\Users\Cesar\AppData\Local\Programs\Microsoft VS Code\bin;." />
    <property name="platform.active" value="default_platform" />
    <property name="java.vendor" value="Oracle Corporation" />
    <property name="manifest.file" value="manifest.mf" />
    <property name="meta.inf.dir" value="src/META-INF" />
    <property name="sun.io.unicode.encoding" value="UnicodeLittle" />
    <property name="run.upgrademodulepath" value="" />
    <property name="compile.on.save" value="false" />
    <property name="jlink.additionalparam" value="" />
    <property name="org.openide.version" value="deprecated" />
    <property name="default.javac.source" value="1.8" />
    <property name="netbeans.dynamic.classpath" value="C:\Program Files\NetBeans-14\netbeans\platform\core\asm-9.2.jar;C:\Program Files\NetBeans-14\netbeans\platform\core\asm-commons-9.2.jar;C:\Program Files\NetBeans-14\netbeans\platform\core\asm-tree-9.2.jar;C:\Program Files\NetBeans-14\netbeans\platform\core\core-base.jar;C:\Program Files\NetBeans-14\netbeans\platform\core\core.jar;C:\Program Files\NetBeans-14\netbeans\platform\core\org-netbeans-libs-asm.jar;C:\Program Files\NetBeans-14\netbeans\platform\core\org-openide-filesystems-compat8.jar;C:\Program Files\NetBeans-14\netbeans\platform\core\org-openide-filesystems.jar;C:\Program Files\NetBeans-14\netbeans\nb\core\org-netbeans-upgrader.jar;C:\Program Files\NetBeans-14\netbeans\nb\core\locale\core_nb.jar" />
    <property name="run.classpath" value="${libs.junit_4.classpath}:hamcrest-core-1.3.jar:junit-4.13.2.jar:build/classes" />
    <property name="javac.systemmodulepath.cmd.line.arg" value="" />
    <property name="test.src.dir" value="test" />
    <property name="sun.awt.enableExtraMouseButtons" value="true" />
    <property name="org.openide.major.version" value="IDE/1" />
    <property name="netbeans.buildnumber" value="14-c4f2d87113e1a2d2d4e21e8952e1f99612d5b3fd" />
    <property name="ap.proc.none.internal" value="" />
    <property name="endorsed.classpath.cmd.line.arg" value="" />
    <property name="org.openide.specification.version" value="6.2" />
    <property name="user.timezone" value="America/Santiago" />
    <property name="jar.index" value="false" />
    <property name="os.name" value="Windows 11" />
    <property name="build.sysclasspath" value="ignore" />
    <property name="java.vm.specification.version" value="18" />
    <property name="javadoc.noindex" value="false" />
    <property name="javadoc.private" value="false" />
    <property name="jdkBug6558476" value="false" />
    <property name="http.nonProxyHosts" value="localhost|127.0.0.1|DESKTOP-AHFQ9L9" />
    <property name="javadoc.author" value="false" />
    <property name="main.class" value="proyectof.ProyectoF" />
    <property name="user.home" value="C:\Users\Cesar" />
    <property name="source.encoding" value="UTF-8" />
    <property name="jar.compress" value="false" />
    <property name="have.sources" value="true" />
    <property name="annotation.processing.processors.list" value="" />
    <property name="javac.deprecation" value="false" />
    <property name="jlink.launcher" value="true" />
    <property name="build.generated.sources.dir" value="build/generated-sources" />
    <property name="apple.awt.graphics.UseQuartz" value="true" />
    <property name="plugin.manager.check.updates" value="false" />
    <property name="run.jvmargs" value="" />
    <property name="netbeans.autoupdate.language" value="es" />
    <property name="build.compiler.emacs" value="true" />
    <property name="build.classes.excludes" value="**/*.java,**/*.form" />
    <property name="dist.jar" value="dist/ProyectoF.jar" />
    <property name="ant.file" value="C:\Users\Cesar\Documents\NetBeansProjects\Proyecto_Final\ProyectoF\build.xml" />
    <property name="modules.supported.internal" value="true" />
    <property name="path.separator" value=";" />
    <property name="os.version" value="10.0" />
    <property name="netbeans.home" value="C:\Program Files\NetBeans-14\netbeans\platform" />
    <property name="build.test.results.dir" value="build/test/results" />
    <property name="debug-transport-by-os" value="dt_shmem" />
    <property name="ap.processors.internal" value="" />
    <property name="java.vm.name" value="Java HotSpot(TM) 64-Bit Server VM" />
    <property name="unnamed.module.internal" value="true" />
    <property name="module.name" value="" />
    <property name="os.arch" value="amd64" />
    <property name="build.generated.dir" value="build/generated" />
    <property name="file.reference.junit-4.13.2.jar" value="junit-4.13.2.jar" />
    <property name="do.jar" value="true" />
    <property name="java.vm.info" value="mixed mode, sharing" />
    <property name="run.test.classpath" value="${libs.junit_4.classpath}:hamcrest-core-1.3.jar:junit-4.13.2.jar:build/classes:${libs.junit_5.classpath}:build/test/classes" />
    <property name="dist.jlink.output" value="dist/jlink/ProyectoF" />
    <property name="java.class.version" value="62.0" />
    <property name="javadoc.encoding.used" value="UTF-8" />
    <property name="src.dir" value="src" />
    <property name="org.netbeans.io.suspend" value="0" />
    <property name="ant.project.default-target" value="default" />
    <property name="debug.classpath" value="${libs.junit_4.classpath}:hamcrest-core-1.3.jar:junit-4.13.2.jar:build/classes" />
    <property name="excludes" value="" />
    <property name="ant.project.name" value="ProyectoF" />
    <property name="dist.javadoc.dir" value="dist/javadoc" />
    <property name="run.test.jvmargs" value="" />
    <property name="sun.jnu.encoding" value="Cp1252" />
    <property name="default.javac.target" value="1.8" />
    <property name="javac.fork" value="true" />
    <property name="sun.java2d.dpiaware" value="true" />
    <property name="main.class.available" value="true" />
    <property name="netbeans.importclass" value="org.netbeans.upgrade.AutoUpgrade" />
    <property name="netbeans.autoupdate.version" value="1.23" />
    <property name="empty.dir" value="C:\Users\Cesar\Documents\NetBeansProjects\Proyecto_Final\ProyectoF\build\empty" />
    <property name="testng.mode" value="testng" />
    <property name="annotation.processing.enabled.in.editor" value="false" />
    <property name="netbeans.user" value="C:\Users\Cesar\AppData\Roaming\NetBeans\14" />
    <property name="file.separator" value="\" />
    <property name="ant.file.type.ProyectoF-impl" value="file" />
    <property name="java.vm.compressedOopsMode" value="Zero based" />
    <property name="line.separator" value="&#xd;&#xa;" />
    <property name="javadoc.additionalparam" value="" />
    <property name="netbeans.productversion" value="Apache NetBeans IDE 14" />
    <property name="javac.debug" value="true" />
    <property name="mkdist.disabled" value="false" />
    <property name="user.name" value="Cesar" />
    <property name="build.classes.dir" value="build/classes" />
    <property name="ant.file.ProyectoF" value="C:\Users\Cesar\Documents\NetBeansProjects\Proyecto_Final\ProyectoF\build.xml" />
    <property name="javadoc.windowtitle" value="" />
    <property name="nb.junit.single" value="false" />
    <property name="nb.internal.action.name" value="test" />
    <property name="module.build.classes.dir" value="build/classes" />
    <property name="annotation.processing.processor.options" value="" />
    <property name="dist.dir" value="dist" />
    <property name="build.dir" value="build" />
    <property name="jna.loaded" value="true" />
    <property name="netbeans.autoupdate.variant" value="" />
    <property name="javadoc.version" value="false" />
    <property name="ant.junit.enabletestlistenerevents" value="true" />
    <property name="ant.home" value="C:\Program Files\NetBeans-14\netbeans\extide\ant" />
    <property name="javac.external.vm" value="true" />
    <property name="have.tests" value="true" />
    <property name="debug.test.classpath" value="${libs.junit_4.classpath}:hamcrest-core-1.3.jar:junit-4.13.2.jar:build/classes:${libs.junit_5.classpath}:build/test/classes" />
    <property name="sun.os.patch.level" value="" />
    <property name="testng.debug.mode" value="" />
    <property name="ant.file.type.ProyectoF" value="file" />
    <property name="javac.target" value="16" />
    <property name="ant.version" value="Apache Ant(TM) version 1.10.8 compiled on May 10 2020" />
    <property name="javadoc.html5" value="false" />
    <property name="javac.test.processorpath" value="${libs.junit_4.classpath}:hamcrest-core-1.3.jar:junit-4.13.2.jar:build/classes:${libs.junit_5.classpath}" />
    <property name="java.failonerror" value="true" />
    <property name="netbeans.dirs" value="C:\Program Files\NetBeans-14\netbeans\nb;C:\Program Files\NetBeans-14\netbeans\ergonomics;C:\Program Files\NetBeans-14\netbeans\ide;C:\Program Files\NetBeans-14\netbeans\extide;C:\Program Files\NetBeans-14\netbeans\java;C:\Program Files\NetBeans-14\netbeans\apisupport;C:\Program Files\NetBeans-14\netbeans\webcommon;C:\Program Files\NetBeans-14\netbeans\websvccommon;C:\Program Files\NetBeans-14\netbeans\enterprise;C:\Program Files\NetBeans-14\netbeans\mobility;C:\Program Files\NetBeans-14\netbeans\profiler;C:\Program Files\NetBeans-14\netbeans\python;C:\Program Files\NetBeans-14\netbeans\php;C:\Program Files\NetBeans-14\netbeans\identity;C:\Program Files\NetBeans-14\netbeans\harness;C:\Program Files\NetBeans-14\netbeans\cnd;C:\Program Files\NetBeans-14\netbeans\cndext;C:\Program Files\NetBeans-14\netbeans\cpplite;C:\Program Files\NetBeans-14\netbeans\dlight;C:\Program Files\NetBeans-14\netbeans\groovy;C:\Program Files\NetBeans-14\netbeans\extra;C:\Program Files\NetBeans-14\netbeans\javacard;C:\Program Files\NetBeans-14\netbeans\javafx" />
    <property name="javac.modulepath" value="" />
    <property name="user.properties.file" value="C:\Users\Sebastian\AppData\Roaming\NetBeans\15\build.properties" />
    <property name="netbeans.autoupdate.country" value="419" />
    <property name="javac.processorpath" value="${libs.junit_4.classpath}:hamcrest-core-1.3.jar:junit-4.13.2.jar" />
    <property name="java.class.path" value="C:\Users\Cesar\Documents\NetBeansProjects\Proyecto_Final\ProyectoF\hamcrest-core-1.3.jar;C:\Users\Cesar\Documents\NetBeansProjects\Proyecto_Final\ProyectoF\junit-4.13.2.jar;C:\Users\Cesar\Documents\NetBeansProjects\Proyecto_Final\ProyectoF\build\classes;C:\Users\Cesar\Documents\NetBeansProjects\Proyecto_Final\ProyectoF\build\test\classes;C:\Program Files\NetBeans-14\netbeans\extide\ant\lib\ant-launcher.jar;C:\Program Files\NetBeans-14\netbeans\extide\ant\lib\ant.jar;C:\Program Files\NetBeans-14\netbeans\extide\ant\lib\ant-junit.jar;C:\Program Files\NetBeans-14\netbeans\extide\ant\lib\ant-junit4.jar" />
    <property name="java.vm.vendor" value="Oracle Corporation" />
    <property name="ap.supported.internal" value="true" />
    <property name="user.variant" value="" />
    <property name="netbeans.home+have.tests" value="true" />
    <property name="javac.upgrademodulepath" value="" />
    <property name="run.modulepath" value="" />
    <property name="test.binaryexcludes" value="" />
    <property name="do.archive+manifest.available" value="true" />
    <property name="javac.compilerargs" value="" />
    <property name="apple.laf.useScreenMenuBar" value="true" />
    <property name="user.country" value="419" />
    <property name="sun.java.launcher" value="SUN_STANDARD" />
    <property name="endorsed.classpath" value="" />
    <property name="javac.test.sourcepath" value="C:\Users\Cesar\Documents\NetBeansProjects\Proyecto_Final\ProyectoF\build\empty" />
    <property name="sun.cpu.endian" value="little" />
    <property name="user.language" value="es" />
    <property name="copylibs.rebase" value="true" />
    <property name="maven.defaultProjectBuilder.disableGlobalModelCache" value="true" />
    <property name="includes" value="**" />
    <property name="javadoc.nonavbar" value="false" />
    <property name="file.reference.hamcrest-core-1.3.jar" value="hamcrest-core-1.3.jar" />
    <property name="ant.java.version" value="18" />
    <property name="jlink.launcher.name" value="ProyectoF" />
    <property name="javadoc.splitindex" value="true" />
    <property name="junit.available" value="true" />
    <property name="test.binarytestincludes" value="" />
    <property name="sun.awt.keepWorkingSetOnMinimize" value="true" />
    <property name="javac.processormodulepath" value="" />
    <property name="runtime.encoding" value="UTF-8" />
    <property name="jlink.additionalmodules" value="" />
    <property name="javadoc.encoding" value="UTF-8" />
    <property name="javac.classpath" value="${libs.junit_4.classpath}:hamcrest-core-1.3.jar:junit-4.13.2.jar" />
    <property name="dist.jlink.dir" value="dist/jlink" />
    <property name="netbeans.hash.code" value="unique=NB_EXTIDE_JAVA_PHP_WEBCOMMON_WEBEE0b4d1f373-dc32-42d9-8ae9-d5de84b787d7_af27cab8-af55-443c-82bf-b567246f1b05" />
    <property name="jlink.strip" value="false" />
    <property name="nb.junit.batch" value="true" />
    <property name="build.test.classes.dir" value="build/test/classes" />
    <property name="java.runtime.name" value="Java(TM) SE Runtime Environment" />
    <property name="manifest.available" value="true" />
    <property name="ant.project.invoked-targets" value="test" />
    <property name="run.jvmargs.ide" value="" />
    <property name="ap.cmd.line.internal" value="" />
    <property name="ant.core.lib" value="C:\Program Files\NetBeans-14\netbeans\extide\ant\lib\ant.jar" />
    <property name="java.vendor.url.bug" value="https://bugreport.java.com/bugreport/" />
    <property name="annotation.processing.source.output" value="build/generated-sources/ap-source-output" />
    <property name="ant.file.ProyectoF-impl" value="C:\Users\Cesar\Documents\NetBeansProjects\Proyecto_Final\ProyectoF\nbproject\build-impl.xml" />
    <property name="javac.profile.cmd.line.arg" value="" />
    <property name="user.dir" value="C:\Users\Cesar\Documents\NetBeansProjects\Proyecto_Final\ProyectoF" />
    <property name="platform.java" value="C:\Program Files\Java\jdk-18.0.2.1/bin/java" />
    <property name="application.args" value="" />
    <property name="application.title" value="ProyectoF" />
    <property name="do.archive+main.class.available" value="true" />
    <property name="ignore.failing.tests" value="true" />
    <property name="javac.test.modulepath" value="" />
    <property name="org.xml.sax.driver" value="com.sun.org.apache.xerces.internal.jaxp.SAXParserImpl$JAXPSAXParser" />
    <property name="java.vm.version" value="18.0.2.1+1-1" />
    <property name="sun.awt.datatransfer.timeout" value="1000" />
    <property name="annotation.processing.run.all.processors" value="true" />
    <property name="junit.forkmode" value="perTest" />
  </properties>
  <testcase classname="proyectof.VectorTest" name="testNormalizar" time="0.003" />
  <testcase classname="proyectof.VectorTest" name="testEscalar" time="0.0" />
  <testcase classname="proyectof.VectorTest" name="testDot" time="0.0" />
  <testcase classname="proyectof.VectorTest" name="testMagnitud" time="0.001" />
  <system-out><![CDATA[normalizar
escalar
dot
magnitud
]]></system-out>
  <system-err><![CDATA[]]></system-err>
</testsuite>
